Release 14.7 Map P.20131013 (nt64)
Xilinx Mapping Report File for Design 'proiectVGA'

Design Information
------------------
Command Line   : map -filter
C:/TemeISE/ProiectVga/FPGAGalaxian/iseconfig/filter.filter -intstyle ise -p
xc6slx9-csg324-2 -w -logic_opt off -ol high -t 1 -xt 0 -register_duplication off
-r 4 -global_opt off -mt off -ir off -pr off -lc off -power off -o
proiectVGA_map.ncd proiectVGA.ngd proiectVGA.pcf 
Target Device  : xc6slx9
Target Package : csg324
Target Speed   : -2
Mapper Version : spartan6 -- $Revision: 1.55 $
Mapped Date    : Fri Apr 23 18:17:08 2021

Design Summary
--------------
Number of errors:      0
Number of warnings:    3
Slice Logic Utilization:
  Number of Slice Registers:                   362 out of  11,440    3%
    Number used as Flip Flops:                 362
    Number used as Latches:                      0
    Number used as Latch-thrus:                  0
    Number used as AND/OR logics:                0
  Number of Slice LUTs:                      1,072 out of   5,720   18%
    Number used as logic:                    1,050 out of   5,720   18%
      Number using O6 output only:             332
      Number using O5 output only:             356
      Number using O5 and O6:                  362
      Number used as ROM:                        0
    Number used as Memory:                       0 out of   1,440    0%
    Number used exclusively as route-thrus:     22
      Number with same-slice register load:      0
      Number with same-slice carry load:        22
      Number with other load:                    0

Slice Logic Distribution:
  Number of occupied Slices:                   331 out of   1,430   23%
  Number of MUXCYs used:                       864 out of   2,860   30%
  Number of LUT Flip Flop pairs used:        1,073
    Number with an unused Flip Flop:           721 out of   1,073   67%
    Number with an unused LUT:                   1 out of   1,073    1%
    Number of fully used LUT-FF pairs:         351 out of   1,073   32%
    Number of unique control sets:              23
    Number of slice register sites lost
      to control set restrictions:              86 out of  11,440    1%

  A LUT Flip Flop pair for this architecture represents one LUT paired with
  one Flip Flop within a slice.  A control set is a unique combination of
  clock, reset, set, and enable signals for a registered element.
  The Slice Logic Distribution report is not meaningful if the design is
  over-mapped for a non-slice resource or if Placement fails.

IO Utilization:
  Number of bonded IOBs:                        40 out of     200   20%
    Number of LOCed IOBs:                       35 out of      40   87%

Specific Feature Utilization:
  Number of RAMB16BWERs:                         0 out of      32    0%
  Number of RAMB8BWERs:                          1 out of      64    1%
  Number of BUFIO2/BUFIO2_2CLKs:                 0 out of      32    0%
  Number of BUFIO2FB/BUFIO2FB_2CLKs:             0 out of      32    0%
  Number of BUFG/BUFGMUXs:                       3 out of      16   18%
    Number used as BUFGs:                        3
    Number used as BUFGMUX:                      0
  Number of DCM/DCM_CLKGENs:                     0 out of       4    0%
  Number of ILOGIC2/ISERDES2s:                   0 out of     200    0%
  Number of IODELAY2/IODRP2/IODRP2_MCBs:         0 out of     200    0%
  Number of OLOGIC2/OSERDES2s:                   0 out of     200    0%
  Number of BSCANs:                              0 out of       4    0%
  Number of BUFHs:                               0 out of     128    0%
  Number of BUFPLLs:                             0 out of       8    0%
  Number of BUFPLL_MCBs:                         0 out of       4    0%
  Number of DSP48A1s:                            0 out of      16    0%
  Number of ICAPs:                               0 out of       1    0%
  Number of MCBs:                                0 out of       2    0%
  Number of PCILOGICSEs:                         0 out of       2    0%
  Number of PLL_ADVs:                            0 out of       2    0%
  Number of PMVs:                                0 out of       1    0%
  Number of STARTUPs:                            0 out of       1    0%
  Number of SUSPEND_SYNCs:                       0 out of       1    0%

Average Fanout of Non-Clock Nets:                3.05

Peak Memory Usage:  4573 MB
Total REAL time to MAP completion:  8 secs 
Total CPU time to MAP completion:   8 secs 

Table of Contents
-----------------
Section 1 - Errors
Section 2 - Warnings
Section 3 - Informational
Section 4 - Removed Logic Summary
Section 5 - Removed Logic
Section 6 - IOB Properties
Section 7 - RPMs
Section 8 - Guide Report
Section 9 - Area Group and Partition Summary
Section 10 - Timing Report
Section 11 - Configuration String Information
Section 12 - Control Set Information
Section 13 - Utilization by Hierarchy

Section 1 - Errors
------------------

Section 2 - Warnings
--------------------
WARNING:Place:837 - Partially locked IO Bus is found. 
    Following components of the bus are not locked: 
   	 Comp: SSEG_AN<7>
   	 Comp: SSEG_AN<6>
   	 Comp: SSEG_AN<5>
   	 Comp: SSEG_AN<4>
   	 Comp: SSEG_AN<3>

WARNING:Place:838 - An IO Bus with more than one IO standard is found.
   Components associated with this bus are as follows: 
   	 Comp: SSEG_AN<0>   IOSTANDARD = LVCMOS33
   	 Comp: SSEG_AN<1>   IOSTANDARD = LVCMOS33
   	 Comp: SSEG_AN<2>   IOSTANDARD = LVCMOS33
   	 Comp: SSEG_AN<3>   IOSTANDARD = LVCMOS25
   	 Comp: SSEG_AN<4>   IOSTANDARD = LVCMOS25
   	 Comp: SSEG_AN<5>   IOSTANDARD = LVCMOS25
   	 Comp: SSEG_AN<6>   IOSTANDARD = LVCMOS25
   	 Comp: SSEG_AN<7>   IOSTANDARD = LVCMOS25


WARNING:PhysDesignRules:2410 - This design is using one or more 9K Block RAMs
   (RAMB8BWER).  9K Block RAM initialization data, both user defined and
   default, may be incorrect and should not be used.  For more information,
   please reference Xilinx Answer Record 39999.

Section 3 - Informational
-------------------------
INFO:MapLib:562 - No environment variables are currently set.
INFO:MapLib:159 - Net Timing constraints on signal clock are pushed forward
   through input buffer.
INFO:Pack:1716 - Initializing temperature to 85.000 Celsius. (default - Range:
   0.000 to 85.000 Celsius)
INFO:Pack:1720 - Initializing voltage to 1.140 Volts. (default - Range: 1.140 to
   1.260 Volts)
INFO:Map:215 - The Interim Design Summary has been generated in the MAP Report
   (.mrp).
INFO:Place:834 - Only a subset of IOs are locked. Out of 40 IOs, 35 are locked
   and 5 are not locked. If you would like to print the names of these IOs,
   please set the environment variable XIL_PAR_DESIGN_CHECK_VERBOSE to 1. 
INFO:Pack:1650 - Map created a placed design.

Section 4 - Removed Logic Summary
---------------------------------
   2 block(s) optimized away

Section 5 - Removed Logic
-------------------------

Optimized Block(s):
TYPE 		BLOCK
GND 		XST_GND
VCC 		XST_VCC

To enable printing of redundant blocks removed and signals merged, set the
detailed map report option and rerun map.

Section 6 - IOB Properties
--------------------------

+---------------------------------------------------------------------------------------------------------------------------------------------------------+
| IOB Name                           | Type             | Direction | IO Standard          | Diff  | Drive    | Slew | Reg (s)      | Resistor | IOB      |
|                                    |                  |           |                      | Term  | Strength | Rate |              |          | Delay    |
+---------------------------------------------------------------------------------------------------------------------------------------------------------+
| LEDS<0>                            | IOB              | OUTPUT    | LVCMOS33             |       | 8        | FAST |              |          |          |
| LEDS<1>                            | IOB              | OUTPUT    | LVCMOS33             |       | 8        | FAST |              |          |          |
| LEDS<2>                            | IOB              | OUTPUT    | LVCMOS33             |       | 8        | FAST |              |          |          |
| LEDS<3>                            | IOB              | OUTPUT    | LVCMOS33             |       | 8        | FAST |              |          |          |
| LEDS<4>                            | IOB              | OUTPUT    | LVCMOS33             |       | 8        | FAST |              |          |          |
| LEDS<5>                            | IOB              | OUTPUT    | LVCMOS33             |       | 8        | FAST |              |          |          |
| LEDS<6>                            | IOB              | OUTPUT    | LVCMOS33             |       | 8        | FAST |              |          |          |
| LEDS<7>                            | IOB              | OUTPUT    | LVCMOS33             |       | 8        | FAST |              |          |          |
| SSEG_AN<0>                         | IOB              | OUTPUT    | LVCMOS33             |       | 8        | FAST |              |          |          |
| SSEG_AN<1>                         | IOB              | OUTPUT    | LVCMOS33             |       | 8        | FAST |              |          |          |
| SSEG_AN<2>                         | IOB              | OUTPUT    | LVCMOS33             |       | 8        | FAST |              |          |          |
| SSEG_AN<3>                         | IOB              | OUTPUT    | LVCMOS25             |       | 12       | SLOW |              |          |          |
| SSEG_AN<4>                         | IOB              | OUTPUT    | LVCMOS25             |       | 12       | SLOW |              |          |          |
| SSEG_AN<5>                         | IOB              | OUTPUT    | LVCMOS25             |       | 12       | SLOW |              |          |          |
| SSEG_AN<6>                         | IOB              | OUTPUT    | LVCMOS25             |       | 12       | SLOW |              |          |          |
| SSEG_AN<7>                         | IOB              | OUTPUT    | LVCMOS25             |       | 12       | SLOW |              |          |          |
| SSEG_CA<0>                         | IOB              | OUTPUT    | LVCMOS33             |       | 8        | FAST |              |          |          |
| SSEG_CA<1>                         | IOB              | OUTPUT    | LVCMOS33             |       | 8        | FAST |              |          |          |
| SSEG_CA<2>                         | IOB              | OUTPUT    | LVCMOS33             |       | 8        | FAST |              |          |          |
| SSEG_CA<3>                         | IOB              | OUTPUT    | LVCMOS33             |       | 8        | FAST |              |          |          |
| SSEG_CA<4>                         | IOB              | OUTPUT    | LVCMOS33             |       | 8        | FAST |              |          |          |
| SSEG_CA<5>                         | IOB              | OUTPUT    | LVCMOS33             |       | 8        | FAST |              |          |          |
| SSEG_CA<6>                         | IOB              | OUTPUT    | LVCMOS33             |       | 8        | FAST |              |          |          |
| SSEG_CA<7>                         | IOB              | OUTPUT    | LVCMOS33             |       | 8        | FAST |              |          |          |
| blue<0>                            | IOB              | OUTPUT    | LVCMOS33             |       | 8        | FAST |              |          |          |
| blue<1>                            | IOB              | OUTPUT    | LVCMOS33             |       | 8        | FAST |              |          |          |
| clock                              | IOB              | INPUT     | LVCMOS33             |       |          |      |              |          |          |
| green<0>                           | IOB              | OUTPUT    | LVCMOS33             |       | 8        | FAST |              |          |          |
| green<1>                           | IOB              | OUTPUT    | LVCMOS33             |       | 8        | FAST |              |          |          |
| green<2>                           | IOB              | OUTPUT    | LVCMOS33             |       | 8        | FAST |              |          |          |
| hsync                              | IOB              | OUTPUT    | LVCMOS33             |       | 8        | FAST |              |          |          |
| left                               | IOB              | INPUT     | LVCMOS33             |       |          |      |              | PULLUP   |          |
| red<0>                             | IOB              | OUTPUT    | LVCMOS33             |       | 8        | FAST |              |          |          |
| red<1>                             | IOB              | OUTPUT    | LVCMOS33             |       | 8        | FAST |              |          |          |
| red<2>                             | IOB              | OUTPUT    | LVCMOS33             |       | 8        | FAST |              |          |          |
| resetValues                        | IOB              | INPUT     | LVCMOS33             |       |          |      |              | PULLUP   |          |
| right                              | IOB              | INPUT     | LVCMOS33             |       |          |      |              | PULLUP   |          |
| shot                               | IOB              | INPUT     | LVCMOS33             |       |          |      |              | PULLUP   |          |
| speaker                            | IOB              | OUTPUT    | LVCMOS33             |       | 8        | FAST |              |          |          |
| vsync                              | IOB              | OUTPUT    | LVCMOS33             |       | 8        | FAST |              |          |          |
+---------------------------------------------------------------------------------------------------------------------------------------------------------+

Section 7 - RPMs
----------------

Section 8 - Guide Report
------------------------
Guide not run on this design.

Section 9 - Area Group and Partition Summary
--------------------------------------------

Partition Implementation Status
-------------------------------

  No Partitions were found in this design.

-------------------------------

Area Group Information
----------------------

  No area groups were found in this design.

----------------------

Section 10 - Timing Report
--------------------------
A logic-level (pre-route) timing report can be generated by using Xilinx static
timing analysis tools, Timing Analyzer (GUI) or TRCE (command line), with the
mapped NCD and PCF files. Please note that this timing report will be generated
using estimated delay information. For accurate numbers, please generate a
timing report with the post Place and Route NCD file.

For more information about the Timing Analyzer, consult the Xilinx Timing
Analyzer Reference Manual; for more information about TRCE, consult the Xilinx
Command Line Tools User Guide "TRACE" chapter.

Section 11 - Configuration String Details
-----------------------------------------
Use the "-detail" map option to print out Configuration Strings

Section 12 - Control Set Information
------------------------------------
Use the "-detail" map option to print out Control Set Information.

Section 13 - Utilization by Hierarchy
-------------------------------------
Use the "-detail" map option to print out the Utilization by Hierarchy section.
